\BOOKMARK [1][-]{section.1}{\376\377\000I\000N\000T\000R\000O\000D\000U\000C\000T\000I\000O\000N}{}% 1
\BOOKMARK [2][-]{subsection.1.1}{\376\377\000R\000e\000s\000e\000a\000r\000c\000h\000\040\000Q\000u\000e\000s\000t\000i\000o\000n\000s}{section.1}% 2
\BOOKMARK [2][-]{subsection.1.2}{\376\377\000C\000o\000n\000t\000r\000i\000b\000u\000t\000i\000o\000n\000s}{section.1}% 3
\BOOKMARK [1][-]{section.2}{\376\377\000R\000E\000L\000A\000T\000E\000D\000\040\000W\000O\000R\000K}{}% 4
\BOOKMARK [2][-]{subsection.2.1}{\376\377\000A\000c\000o\000u\000s\000t\000i\000c\000\040\000S\000e\000n\000s\000i\000n\000g\000\040\000f\000o\000r\000\040\000S\000o\000f\000t\000\040\000R\000o\000b\000o\000t\000i\000c\000s}{section.2}% 5
\BOOKMARK [2][-]{subsection.2.2}{\376\377\000R\000o\000b\000o\000t\000\040\000C\000o\000n\000f\000i\000g\000u\000r\000a\000t\000i\000o\000n\000\040\000E\000n\000t\000a\000n\000g\000l\000e\000m\000e\000n\000t}{section.2}% 6
\BOOKMARK [2][-]{subsection.2.3}{\376\377\000O\000u\000r\000\040\000C\000o\000n\000t\000r\000i\000b\000u\000t\000i\000o\000n}{section.2}% 7
\BOOKMARK [1][-]{section.3}{\376\377\000M\000E\000T\000H\000O\000D}{}% 8
\BOOKMARK [2][-]{subsection.3.1}{\376\377\000E\000x\000p\000e\000r\000i\000m\000e\000n\000t\000a\000l\000\040\000S\000e\000t\000u\000p}{section.3}% 9
\BOOKMARK [2][-]{subsection.3.2}{\376\377\000F\000e\000a\000t\000u\000r\000e\000\040\000E\000n\000g\000i\000n\000e\000e\000r\000i\000n\000g}{section.3}% 10
\BOOKMARK [2][-]{subsection.3.3}{\376\377\000C\000l\000a\000s\000s\000i\000f\000i\000c\000a\000t\000i\000o\000n\000\040\000P\000i\000p\000e\000l\000i\000n\000e}{section.3}% 11
\BOOKMARK [2][-]{subsection.3.4}{\376\377\000E\000v\000a\000l\000u\000a\000t\000i\000o\000n\000\040\000S\000t\000r\000a\000t\000e\000g\000y}{section.3}% 12
\BOOKMARK [1][-]{section.4}{\376\377\000E\000X\000P\000E\000R\000I\000M\000E\000N\000T\000A\000L\000\040\000R\000E\000S\000U\000L\000T\000S}{}% 13
\BOOKMARK [2][-]{subsection.4.1}{\376\377\000P\000r\000o\000o\000f\000\040\000o\000f\000\040\000C\000o\000n\000c\000e\000p\000t\000:\000\040\0003\000-\000C\000l\000a\000s\000s\000\040\000A\000c\000o\000u\000s\000t\000i\000c\000\040\000C\000o\000n\000t\000a\000c\000t\000\040\000D\000e\000t\000e\000c\000t\000i\000o\000n}{section.4}% 14
\BOOKMARK [2][-]{subsection.4.2}{\376\377\000P\000o\000s\000i\000t\000i\000o\000n\000\040\000G\000e\000n\000e\000r\000a\000l\000i\000z\000a\000t\000i\000o\000n\000:\000\040\000S\000t\000r\000o\000n\000g\000\040\000W\000o\000r\000k\000s\000p\000a\000c\000e\000\040\000D\000e\000p\000e\000n\000d\000e\000n\000c\000e}{section.4}% 15
\BOOKMARK [2][-]{subsection.4.3}{\376\377\000O\000b\000j\000e\000c\000t\000\040\000G\000e\000n\000e\000r\000a\000l\000i\000z\000a\000t\000i\000o\000n\000:\000\040\000F\000u\000n\000d\000a\000m\000e\000n\000t\000a\000l\000\040\000L\000i\000m\000i\000t\000a\000t\000i\000o\000n}{section.4}% 16
\BOOKMARK [2][-]{subsection.4.4}{\376\377\000C\000o\000m\000p\000a\000r\000i\000s\000o\000n\000:\000\040\0003\000-\000C\000l\000a\000s\000s\000\040\000v\000s\000\040\000B\000i\000n\000a\000r\000y\000\040\000C\000l\000a\000s\000s\000i\000f\000i\000c\000a\000t\000i\000o\000n}{section.4}% 17
\BOOKMARK [2][-]{subsection.4.5}{\376\377\000P\000h\000y\000s\000i\000c\000s\000-\000B\000a\000s\000e\000d\000\040\000I\000n\000t\000e\000r\000p\000r\000e\000t\000a\000t\000i\000o\000n\000:\000\040\000O\000b\000j\000e\000c\000t\000\040\000a\000n\000d\000\040\000W\000o\000r\000k\000s\000p\000a\000c\000e\000\040\000S\000p\000e\000c\000i\000f\000i\000c\000i\000t\000y}{section.4}% 18
\BOOKMARK [1][-]{section.5}{\376\377\000C\000O\000N\000C\000L\000U\000S\000I\000O\000N}{}% 19
\BOOKMARK [2][-]{subsection.5.1}{\376\377\000S\000u\000m\000m\000a\000r\000y\000\040\000o\000f\000\040\000F\000i\000n\000d\000i\000n\000g\000s}{section.5}% 20
\BOOKMARK [2][-]{subsection.5.2}{\376\377\000C\000o\000n\000t\000r\000i\000b\000u\000t\000i\000o\000n\000s\000\040\000a\000n\000d\000\040\000I\000m\000p\000l\000i\000c\000a\000t\000i\000o\000n\000s}{section.5}% 21
\BOOKMARK [2][-]{subsection.5.3}{\376\377\000F\000u\000t\000u\000r\000e\000\040\000D\000i\000r\000e\000c\000t\000i\000o\000n\000s}{section.5}% 22
