\BOOKMARK [1][-]{section.1}{\376\377\000O\000v\000e\000r\000v\000i\000e\000w\000:\000\040\000W\000h\000a\000t\000\040\000W\000e\000\040\000T\000e\000s\000t\000e\000d}{}% 1
\BOOKMARK [1][-]{section.2}{\376\377\000E\000x\000p\000e\000r\000i\000m\000e\000n\000t\000\040\0001\000:\000\040\000D\000a\000t\000a\000\040\000P\000r\000o\000c\000e\000s\000s\000i\000n\000g\000\040\000\046\000\040\000Q\000u\000a\000l\000i\000t\000y\000\040\000C\000h\000e\000c\000k}{}% 2
\BOOKMARK [2][-]{subsection.2.1}{\376\377\000W\000h\000a\000t\000\040\000i\000s\000\040\000t\000h\000i\000s\000\040\000e\000x\000p\000e\000r\000i\000m\000e\000n\000t\000\040\000a\000b\000o\000u\000t\000?}{section.2}% 3
\BOOKMARK [2][-]{subsection.2.2}{\376\377\000H\000o\000w\000\040\000w\000a\000s\000\040\000i\000t\000\040\000d\000o\000n\000e\000?}{section.2}% 4
\BOOKMARK [2][-]{subsection.2.3}{\376\377\000K\000e\000y\000\040\000O\000b\000s\000e\000r\000v\000a\000t\000i\000o\000n\000s}{section.2}% 5
\BOOKMARK [2][-]{subsection.2.4}{\376\377\000W\000h\000a\000t\000\040\000d\000o\000e\000s\000\040\000t\000h\000i\000s\000\040\000t\000e\000l\000l\000\040\000u\000s\000\040\000a\000b\000o\000u\000t\000\040\000a\000c\000o\000u\000s\000t\000i\000c\000\040\000s\000e\000n\000s\000i\000n\000g\000?}{section.2}% 6
\BOOKMARK [1][-]{section.3}{\376\377\000E\000x\000p\000e\000r\000i\000m\000e\000n\000t\000\040\0002\000:\000\040\000D\000i\000m\000e\000n\000s\000i\000o\000n\000a\000l\000i\000t\000y\000\040\000R\000e\000d\000u\000c\000t\000i\000o\000n\000\040\000\046\000\040\000V\000i\000s\000u\000a\000l\000i\000z\000a\000t\000i\000o\000n}{}% 7
\BOOKMARK [2][-]{subsection.3.1}{\376\377\000W\000h\000a\000t\000\040\000i\000s\000\040\000t\000h\000i\000s\000\040\000e\000x\000p\000e\000r\000i\000m\000e\000n\000t\000\040\000a\000b\000o\000u\000t\000?}{section.3}% 8
\BOOKMARK [2][-]{subsection.3.2}{\376\377\000H\000o\000w\000\040\000w\000a\000s\000\040\000i\000t\000\040\000d\000o\000n\000e\000?}{section.3}% 9
\BOOKMARK [2][-]{subsection.3.3}{\376\377\000K\000e\000y\000\040\000O\000b\000s\000e\000r\000v\000a\000t\000i\000o\000n\000s}{section.3}% 10
\BOOKMARK [2][-]{subsection.3.4}{\376\377\000W\000h\000a\000t\000\040\000d\000o\000e\000s\000\040\000t\000h\000i\000s\000\040\000t\000e\000l\000l\000\040\000u\000s\000\040\000a\000b\000o\000u\000t\000\040\000a\000c\000o\000u\000s\000t\000i\000c\000\040\000s\000e\000n\000s\000i\000n\000g\000?}{section.3}% 11
\BOOKMARK [1][-]{section.4}{\376\377\000E\000x\000p\000e\000r\000i\000m\000e\000n\000t\000\040\0003\000:\000\040\000M\000a\000c\000h\000i\000n\000e\000\040\000L\000e\000a\000r\000n\000i\000n\000g\000\040\000C\000l\000a\000s\000s\000i\000f\000i\000c\000a\000t\000i\000o\000n}{}% 12
\BOOKMARK [2][-]{subsection.4.1}{\376\377\000W\000h\000a\000t\000\040\000i\000s\000\040\000t\000h\000i\000s\000\040\000e\000x\000p\000e\000r\000i\000m\000e\000n\000t\000\040\000a\000b\000o\000u\000t\000?}{section.4}% 13
\BOOKMARK [2][-]{subsection.4.2}{\376\377\000H\000o\000w\000\040\000w\000a\000s\000\040\000i\000t\000\040\000d\000o\000n\000e\000?}{section.4}% 14
\BOOKMARK [2][-]{subsection.4.3}{\376\377\000K\000e\000y\000\040\000O\000b\000s\000e\000r\000v\000a\000t\000i\000o\000n\000s}{section.4}% 15
\BOOKMARK [2][-]{subsection.4.4}{\376\377\000D\000e\000t\000a\000i\000l\000e\000d\000\040\000R\000e\000s\000u\000l\000t\000s\000\040\000b\000y\000\040\000B\000a\000t\000c\000h}{section.4}% 16
\BOOKMARK [2][-]{subsection.4.5}{\376\377\000W\000h\000a\000t\000\040\000d\000o\000e\000s\000\040\000t\000h\000i\000s\000\040\000t\000e\000l\000l\000\040\000u\000s\000\040\000a\000b\000o\000u\000t\000\040\000a\000c\000o\000u\000s\000t\000i\000c\000\040\000s\000e\000n\000s\000i\000n\000g\000?}{section.4}% 17
\BOOKMARK [1][-]{section.5}{\376\377\000E\000x\000p\000e\000r\000i\000m\000e\000n\000t\000\040\0004\000:\000\040\000F\000e\000a\000t\000u\000r\000e\000\040\000A\000b\000l\000a\000t\000i\000o\000n\000\040\000A\000n\000a\000l\000y\000s\000i\000s}{}% 18
\BOOKMARK [2][-]{subsection.5.1}{\376\377\000W\000h\000a\000t\000\040\000i\000s\000\040\000t\000h\000i\000s\000\040\000e\000x\000p\000e\000r\000i\000m\000e\000n\000t\000\040\000a\000b\000o\000u\000t\000?}{section.5}% 19
\BOOKMARK [2][-]{subsection.5.2}{\376\377\000H\000o\000w\000\040\000w\000a\000s\000\040\000i\000t\000\040\000d\000o\000n\000e\000?}{section.5}% 20
\BOOKMARK [2][-]{subsection.5.3}{\376\377\000K\000e\000y\000\040\000O\000b\000s\000e\000r\000v\000a\000t\000i\000o\000n\000s\000\040\000b\000y\000\040\000T\000a\000s\000k}{section.5}% 21
\BOOKMARK [2][-]{subsection.5.4}{\376\377\000F\000e\000a\000t\000u\000r\000e\000\040\000I\000m\000p\000o\000r\000t\000a\000n\000c\000e\000\040\000S\000u\000m\000m\000a\000r\000y}{section.5}% 22
\BOOKMARK [2][-]{subsection.5.5}{\376\377\000W\000h\000a\000t\000\040\000d\000o\000e\000s\000\040\000t\000h\000i\000s\000\040\000t\000e\000l\000l\000\040\000u\000s\000\040\000a\000b\000o\000u\000t\000\040\000a\000c\000o\000u\000s\000t\000i\000c\000\040\000s\000e\000n\000s\000i\000n\000g\000?}{section.5}% 23
\BOOKMARK [1][-]{section.6}{\376\377\000E\000x\000p\000e\000r\000i\000m\000e\000n\000t\000\040\0005\000:\000\040\000N\000e\000u\000r\000a\000l\000\040\000N\000e\000t\000w\000o\000r\000k\000\040\000S\000a\000l\000i\000e\000n\000c\000y\000\040\000A\000n\000a\000l\000y\000s\000i\000s}{}% 24
\BOOKMARK [2][-]{subsection.6.1}{\376\377\000W\000h\000a\000t\000\040\000i\000s\000\040\000t\000h\000i\000s\000\040\000e\000x\000p\000e\000r\000i\000m\000e\000n\000t\000\040\000a\000b\000o\000u\000t\000?}{section.6}% 25
\BOOKMARK [2][-]{subsection.6.2}{\376\377\000H\000o\000w\000\040\000w\000a\000s\000\040\000i\000t\000\040\000d\000o\000n\000e\000?}{section.6}% 26
\BOOKMARK [2][-]{subsection.6.3}{\376\377\000K\000e\000y\000\040\000O\000b\000s\000e\000r\000v\000a\000t\000i\000o\000n\000s}{section.6}% 27
\BOOKMARK [2][-]{subsection.6.4}{\376\377\000W\000h\000a\000t\000\040\000d\000o\000e\000s\000\040\000t\000h\000i\000s\000\040\000t\000e\000l\000l\000\040\000u\000s\000\040\000a\000b\000o\000u\000t\000\040\000a\000c\000o\000u\000s\000t\000i\000c\000\040\000s\000e\000n\000s\000i\000n\000g\000?}{section.6}% 28
\BOOKMARK [1][-]{section.7}{\376\377\000E\000x\000p\000e\000r\000i\000m\000e\000n\000t\000\040\0006\000:\000\040\000I\000m\000p\000u\000l\000s\000e\000\040\000R\000e\000s\000p\000o\000n\000s\000e\000\040\000A\000n\000a\000l\000y\000s\000i\000s}{}% 29
\BOOKMARK [2][-]{subsection.7.1}{\376\377\000W\000h\000a\000t\000\040\000i\000s\000\040\000t\000h\000i\000s\000\040\000e\000x\000p\000e\000r\000i\000m\000e\000n\000t\000\040\000a\000b\000o\000u\000t\000?}{section.7}% 30
\BOOKMARK [2][-]{subsection.7.2}{\376\377\000H\000o\000w\000\040\000w\000a\000s\000\040\000i\000t\000\040\000d\000o\000n\000e\000?}{section.7}% 31
\BOOKMARK [2][-]{subsection.7.3}{\376\377\000K\000e\000y\000\040\000O\000b\000s\000e\000r\000v\000a\000t\000i\000o\000n\000s\000\040\000\050\000E\000d\000g\000e\000\040\000v\0001\000\040\000E\000x\000a\000m\000p\000l\000e\000\051}{section.7}% 32
\BOOKMARK [2][-]{subsection.7.4}{\376\377\000W\000h\000a\000t\000\040\000d\000o\000e\000s\000\040\000t\000h\000i\000s\000\040\000t\000e\000l\000l\000\040\000u\000s\000\040\000a\000b\000o\000u\000t\000\040\000a\000c\000o\000u\000s\000t\000i\000c\000\040\000s\000e\000n\000s\000i\000n\000g\000?}{section.7}% 33
\BOOKMARK [1][-]{section.8}{\376\377\000S\000u\000m\000m\000a\000r\000y\000:\000\040\000W\000h\000a\000t\000\040\000D\000i\000d\000\040\000W\000e\000\040\000L\000e\000a\000r\000n\000?}{}% 34
\BOOKMARK [2][-]{subsection.8.1}{\376\377\000T\000h\000e\000\040\000B\000i\000g\000\040\000Q\000u\000e\000s\000t\000i\000o\000n\000:\000\040\000C\000a\000n\000\040\000A\000c\000o\000u\000s\000t\000i\000c\000\040\000S\000e\000n\000s\000i\000n\000g\000\040\000W\000o\000r\000k\000\040\000f\000o\000r\000\040\000R\000o\000b\000o\000t\000i\000c\000s\000?}{section.8}% 35
\BOOKMARK [2][-]{subsection.8.2}{\376\377\000T\000a\000s\000k\000\040\000D\000i\000f\000f\000i\000c\000u\000l\000t\000y\000\040\000R\000a\000n\000k\000i\000n\000g}{section.8}% 36
\BOOKMARK [2][-]{subsection.8.3}{\376\377\000P\000r\000a\000c\000t\000i\000c\000a\000l\000\040\000G\000u\000i\000d\000e\000l\000i\000n\000e\000s\000\040\000f\000o\000r\000\040\000R\000o\000b\000o\000t\000\040\000D\000e\000v\000e\000l\000o\000p\000e\000r\000s}{section.8}% 37
\BOOKMARK [2][-]{subsection.8.4}{\376\377\000W\000h\000a\000t\000\040\000M\000a\000k\000e\000s\000\040\000A\000c\000o\000u\000s\000t\000i\000c\000\040\000S\000e\000n\000s\000i\000n\000g\000\040\000W\000o\000r\000k\000?}{section.8}% 38
\BOOKMARK [2][-]{subsection.8.5}{\376\377\000I\000m\000p\000l\000e\000m\000e\000n\000t\000a\000t\000i\000o\000n\000\040\000R\000e\000c\000o\000m\000m\000e\000n\000d\000a\000t\000i\000o\000n\000s}{section.8}% 39
\BOOKMARK [2][-]{subsection.8.6}{\376\377\000F\000i\000n\000a\000l\000\040\000A\000s\000s\000e\000s\000s\000m\000e\000n\000t}{section.8}% 40
